info: POST on /session/register - 19:48:45
info: POST on /session/register - 19:48:45
error: User already exits
error: User already exits
info: GET on /session/failRegister - 19:48:45
info: GET on /session/failRegister - 19:48:45
error: Strategy failed
error: Strategy failed
info: GET on /loggerTest - 19:49:01
info: GET on /loggerTest - 19:49:01
warning: just a warning
warning: just a warning
info: Se llamo a esta url
error: Se cayo el server :(
debug: 1 + 1 === 2 ????
info: Se llamo a esta url
error: Se cayo el server :(
debug: 1 + 1 === 2 ????
fatal: FATAL ERROR
error: User already exits
error: User already exits
error: User already exits
error: User already exits
info: Callback {"$__":{"$versionError":null,"activePaths":{"paths":{},"states":{"default":{},"modify":{}}},"backup":{"activePaths":{"default":{"_id":true},"modify":{"age":true,"cart":true,"email":true,"first_name":true,"last_name":true,"password":true,"rol":true}},"validationError":null},"cachedRequired":{},"inserting":true,"op":null,"saveOptions":null,"savedState":{},"saving":null,"validating":null},"$isNew":false,"_doc":{"__v":0,"_id":"6452ec96a870d0c091a935b9","cart":{"_id":"6452ec96a870d0c091a935b7"},"email":"franortega.wg@gmail.com","first_name":"Fran","last_name":"","password":"","rol":"user"},"token":"eyJhbGciOiJIUzI1NiIsInR5cCI6IkpXVCJ9.eyJ1c2VyIjp7ImZpcnN0X25hbWUiOiJGcmFuIiwibGFzdF9uYW1lIjoiIiwiZW1haWwiOiJmcmFub3J0ZWdhLndnQGdtYWlsLmNvbSIsInBhc3N3b3JkIjoiIiwicm9sIjoidXNlciIsImNhcnQiOnsiX2lkIjoiNjQ1MmVjOTZhODcwZDBjMDkxYTkzNWI3In0sIl9pZCI6IjY0NTJlYzk2YTg3MGQwYzA5MWE5MzViOSIsIl9fdiI6MH0sImlhdCI6MTY4MzE1NjExOCwiZXhwIjoxNjgzMjQyNTE4fQ.roOxXT7UI1jzZ3MAojA2swuY4NXrfhZ_bmq1lrQ9vrA"}
info: Callback {"$__":{"$versionError":null,"activePaths":{"paths":{},"states":{"default":{},"modify":{}}},"backup":{"activePaths":{"default":{"_id":true},"modify":{"age":true,"cart":true,"email":true,"first_name":true,"last_name":true,"password":true,"rol":true}},"validationError":null},"cachedRequired":{},"inserting":true,"op":null,"saveOptions":null,"savedState":{},"saving":null,"validating":null},"$isNew":false,"_doc":{"__v":0,"_id":"6452ec96a870d0c091a935b9","cart":{"_id":"6452ec96a870d0c091a935b7"},"email":"franortega.wg@gmail.com","first_name":"Fran","last_name":"","password":"","rol":"user"},"token":"eyJhbGciOiJIUzI1NiIsInR5cCI6IkpXVCJ9.eyJ1c2VyIjp7ImZpcnN0X25hbWUiOiJGcmFuIiwibGFzdF9uYW1lIjoiIiwiZW1haWwiOiJmcmFub3J0ZWdhLndnQGdtYWlsLmNvbSIsInBhc3N3b3JkIjoiIiwicm9sIjoidXNlciIsImNhcnQiOnsiX2lkIjoiNjQ1MmVjOTZhODcwZDBjMDkxYTkzNWI3In0sIl9pZCI6IjY0NTJlYzk2YTg3MGQwYzA5MWE5MzViOSIsIl9fdiI6MH0sImlhdCI6MTY4MzE1NjExOCwiZXhwIjoxNjgzMjQyNTE4fQ.roOxXT7UI1jzZ3MAojA2swuY4NXrfhZ_bmq1lrQ9vrA"}
info: Callback {"__v":0,"_id":"6452ec96a870d0c091a935b9","cart":{"_id":"6452ec96a870d0c091a935b7"},"email":"franortega.wg@gmail.com","first_name":"Fran","last_name":"","password":"","rol":"user","token":"eyJhbGciOiJIUzI1NiIsInR5cCI6IkpXVCJ9.eyJ1c2VyIjp7Il9pZCI6IjY0NTJlYzk2YTg3MGQwYzA5MWE5MzViOSIsImZpcnN0X25hbWUiOiJGcmFuIiwibGFzdF9uYW1lIjoiIiwiZW1haWwiOiJmcmFub3J0ZWdhLndnQGdtYWlsLmNvbSIsInBhc3N3b3JkIjoiIiwicm9sIjoidXNlciIsImNhcnQiOnsiX2lkIjoiNjQ1MmVjOTZhODcwZDBjMDkxYTkzNWI3In0sIl9fdiI6MH0sImlhdCI6MTY4MzE1NjUyNywiZXhwIjoxNjgzMjQyOTI3fQ.uxfFaINbTN2Acmfv_CiYQnNCHAvoM_4ab8jRvpU0aYw"}
info: Callback {"__v":0,"_id":"6452ec96a870d0c091a935b9","cart":{"_id":"6452ec96a870d0c091a935b7"},"email":"franortega.wg@gmail.com","first_name":"Fran","last_name":"","password":"","rol":"user","token":"eyJhbGciOiJIUzI1NiIsInR5cCI6IkpXVCJ9.eyJ1c2VyIjp7Il9pZCI6IjY0NTJlYzk2YTg3MGQwYzA5MWE5MzViOSIsImZpcnN0X25hbWUiOiJGcmFuIiwibGFzdF9uYW1lIjoiIiwiZW1haWwiOiJmcmFub3J0ZWdhLndnQGdtYWlsLmNvbSIsInBhc3N3b3JkIjoiIiwicm9sIjoidXNlciIsImNhcnQiOnsiX2lkIjoiNjQ1MmVjOTZhODcwZDBjMDkxYTkzNWI3In0sIl9fdiI6MH0sImlhdCI6MTY4MzE1NjUyNywiZXhwIjoxNjgzMjQyOTI3fQ.uxfFaINbTN2Acmfv_CiYQnNCHAvoM_4ab8jRvpU0aYw"}
error: Strategy failed
error: Strategy failed
error: Strategy failed
error: Strategy failed
error: User already exits
error: User already exits
error: Strategy failed
error: Strategy failed
error: Strategy failed
error: Strategy failed
